Release 9.2.04i - xst J.40
Copyright (c) 1995-2007 Xilinx, Inc.  All rights reserved.
--> Parameter TMPDIR set to ./xst/projnav.tmp
CPU : 0.00 / 0.06 s | Elapsed : 0.00 / 0.00 s
 
--> Parameter xsthdpdir set to ./xst
CPU : 0.00 / 0.06 s | Elapsed : 0.00 / 0.00 s
 
--> Reading design: mips.prj

TABLE OF CONTENTS
  1) Synthesis Options Summary
  2) HDL Compilation
  3) Design Hierarchy Analysis
  4) HDL Analysis
  5) HDL Synthesis
     5.1) HDL Synthesis Report
  6) Advanced HDL Synthesis
     6.1) Advanced HDL Synthesis Report
  7) Low Level Synthesis
  8) Partition Report
  9) Final Report
     9.1) Device utilization summary
     9.2) Partition Resource Summary
     9.3) TIMING REPORT


=========================================================================
*                      Synthesis Options Summary                        *
=========================================================================
---- Source Parameters
Input File Name                    : "mips.prj"
Input Format                       : mixed
Ignore Synthesis Constraint File   : NO

---- Target Parameters
Output File Name                   : "mips"
Output Format                      : NGC
Target Device                      : xc3s400-4-ft256

---- Source Options
Top Module Name                    : mips
Automatic FSM Extraction           : YES
FSM Encoding Algorithm             : Auto
Safe Implementation                : No
FSM Style                          : lut
RAM Extraction                     : Yes
RAM Style                          : Auto
ROM Extraction                     : No
Mux Style                          : Auto
Decoder Extraction                 : YES
Priority Encoder Extraction        : YES
Shift Register Extraction          : YES
Logical Shifter Extraction         : YES
XOR Collapsing                     : YES
Mux Extraction                     : YES
Resource Sharing                   : YES
Asynchronous To Synchronous        : NO
Multiplier Style                   : auto
Automatic Register Balancing       : No

---- Target Options
Add IO Buffers                     : YES
Global Maximum Fanout              : 500
Add Generic Clock Buffer(BUFG)     : 8
Register Duplication               : YES
Slice Packing                      : YES
Optimize Instantiated Primitives   : NO
Use Clock Enable                   : Yes
Use Synchronous Set                : Yes
Use Synchronous Reset              : Yes
Pack IO Registers into IOBs        : auto
Equivalent register Removal        : YES

---- General Options
Optimization Goal                  : Speed
Optimization Effort                : 1
Library Search Order               : mips.lso
Keep Hierarchy                     : NO
RTL Output                         : Yes
Global Optimization                : AllClockNets
Read Cores                         : YES
Write Timing Constraints           : NO
Cross Clock Analysis               : NO
Hierarchy Separator                : /
Bus Delimiter                      : <>
Case Specifier                     : maintain
Slice Utilization Ratio            : 100
BRAM Utilization Ratio             : 100
Verilog 2001                       : YES
Auto BRAM Packing                  : NO
Slice Utilization Ratio Delta      : 5

=========================================================================


=========================================================================
*                          HDL Compilation                              *
=========================================================================
Compiling vhdl file "C:/Users/rober/OneDrive/Desktop/Labs_CSO/Lab7/mips/ALU.vhd" in Library work.
Architecture behavioral of Entity alu is up to date.
Compiling vhdl file "C:/Users/rober/OneDrive/Desktop/Labs_CSO/Lab7/mips/ctrl.vhd" in Library work.
Architecture behavioral of Entity ctrl is up to date.
Compiling vhdl file "C:/Users/rober/OneDrive/Desktop/Labs_CSO/Lab7/mips/DataMem.vhd" in Library work.
Architecture behavioral of Entity datamem is up to date.
Compiling vhdl file "C:/Users/rober/OneDrive/Desktop/Labs_CSO/Lab7/mips/MUX2V32.vhd" in Library work.
Architecture behavioral of Entity mux2v32 is up to date.
Compiling vhdl file "C:/Users/rober/OneDrive/Desktop/Labs_CSO/Lab7/mips/MUX2V5.vhd" in Library work.
Architecture behavioral of Entity mux2v5 is up to date.
Compiling vhdl file "C:/Users/rober/OneDrive/Desktop/Labs_CSO/Lab7/mips/PC_Update.vhd" in Library work.
Architecture behavioral of Entity pc_update is up to date.
Compiling vhdl file "C:/Users/rober/OneDrive/Desktop/Labs_CSO/Lab7/mips/ProgCnt.vhd" in Library work.
Architecture behavioral of Entity progcnt is up to date.
Compiling vhdl file "C:/Users/rober/OneDrive/Desktop/Labs_CSO/Lab7/mips/File_Regs.vhd" in Library work.
Architecture behavioral of Entity file_regs is up to date.
Compiling vhdl file "C:/Users/rober/OneDrive/Desktop/Labs_CSO/Lab7/mips/ROM32x32_X.vhd" in Library work.
Architecture rom32x32_arch of Entity rom32x32 is up to date.
Compiling vhdl file "C:/Users/rober/OneDrive/Desktop/Labs_CSO/Lab7/mips/mips.vhf" in Library work.
Architecture behavioral of Entity mips is up to date.

=========================================================================
*                     Design Hierarchy Analysis                         *
=========================================================================
Analyzing hierarchy for entity <mips> in library <work> (architecture <behavioral>).

Analyzing hierarchy for entity <ALU> in library <work> (architecture <behavioral>).

Analyzing hierarchy for entity <ctrl> in library <work> (architecture <behavioral>).

Analyzing hierarchy for entity <DataMem> in library <work> (architecture <behavioral>).

Analyzing hierarchy for entity <MUX2V32> in library <work> (architecture <behavioral>).

Analyzing hierarchy for entity <MUX2V5> in library <work> (architecture <behavioral>).

Analyzing hierarchy for entity <PC_Update> in library <work> (architecture <behavioral>).

Analyzing hierarchy for entity <ProgCnt> in library <work> (architecture <behavioral>).

Analyzing hierarchy for entity <File_Regs> in library <work> (architecture <behavioral>).

Analyzing hierarchy for entity <ROM32x32> in library <work> (architecture <rom32x32_arch>).


=========================================================================
*                            HDL Analysis                               *
=========================================================================
Analyzing Entity <mips> in library <work> (Architecture <behavioral>).
WARNING:Xst:753 - "C:/Users/rober/OneDrive/Desktop/Labs_CSO/Lab7/mips/mips.vhf" line 131: Unconnected output port 'Y' of component 'ALU'.
WARNING:Xst:753 - "C:/Users/rober/OneDrive/Desktop/Labs_CSO/Lab7/mips/mips.vhf" line 140: Unconnected output port 'Branch' of component 'ctrl'.
Entity <mips> analyzed. Unit <mips> generated.

Analyzing Entity <ALU> in library <work> (Architecture <behavioral>).
Entity <ALU> analyzed. Unit <ALU> generated.

Analyzing Entity <ctrl> in library <work> (Architecture <behavioral>).
Entity <ctrl> analyzed. Unit <ctrl> generated.

Analyzing Entity <DataMem> in library <work> (Architecture <behavioral>).
Entity <DataMem> analyzed. Unit <DataMem> generated.

Analyzing Entity <MUX2V32> in library <work> (Architecture <behavioral>).
Entity <MUX2V32> analyzed. Unit <MUX2V32> generated.

Analyzing Entity <MUX2V5> in library <work> (Architecture <behavioral>).
Entity <MUX2V5> analyzed. Unit <MUX2V5> generated.

Analyzing Entity <PC_Update> in library <work> (Architecture <behavioral>).
Entity <PC_Update> analyzed. Unit <PC_Update> generated.

Analyzing Entity <ProgCnt> in library <work> (Architecture <behavioral>).
Entity <ProgCnt> analyzed. Unit <ProgCnt> generated.

Analyzing Entity <File_Regs> in library <work> (Architecture <behavioral>).
Entity <File_Regs> analyzed. Unit <File_Regs> generated.

Analyzing Entity <ROM32x32> in library <work> (Architecture <rom32x32_arch>).
Entity <ROM32x32> analyzed. Unit <ROM32x32> generated.


=========================================================================
*                           HDL Synthesis                               *
=========================================================================

Performing bidirectional port resolution...

Synthesizing Unit <ALU>.
    Related source file is "C:/Users/rober/OneDrive/Desktop/Labs_CSO/Lab7/mips/ALU.vhd".
WARNING:Xst:2734 - Property "use_dsp48" is not applicable for this technology.
    Found 32-bit 4-to-1 multiplexer for signal <Y>.
    Found 32-bit addsub for signal <Y$addsub0000>.
    Found 32-bit comparator equal for signal <Zero$cmp_eq0000> created at line 58.
    Summary:
	inferred   1 Adder/Subtractor(s).
	inferred   1 Comparator(s).
	inferred  32 Multiplexer(s).
Unit <ALU> synthesized.


Synthesizing Unit <ctrl>.
    Related source file is "C:/Users/rober/OneDrive/Desktop/Labs_CSO/Lab7/mips/ctrl.vhd".
Unit <ctrl> synthesized.


Synthesizing Unit <DataMem>.
    Related source file is "C:/Users/rober/OneDrive/Desktop/Labs_CSO/Lab7/mips/DataMem.vhd".
    Found 16x32-bit single-port RAM <Mram_RAM> for signal <RAM>.
    Found 32-bit register for signal <OUTW0>.
    Found 32-bit 4-to-1 multiplexer for signal <DataOut>.
    Summary:
	inferred   1 RAM(s).
	inferred  32 D-type flip-flop(s).
	inferred  32 Multiplexer(s).
Unit <DataMem> synthesized.


Synthesizing Unit <MUX2V32>.
    Related source file is "C:/Users/rober/OneDrive/Desktop/Labs_CSO/Lab7/mips/MUX2V32.vhd".
Unit <MUX2V32> synthesized.


Synthesizing Unit <MUX2V5>.
    Related source file is "C:/Users/rober/OneDrive/Desktop/Labs_CSO/Lab7/mips/MUX2V5.vhd".
Unit <MUX2V5> synthesized.


Synthesizing Unit <PC_Update>.
    Related source file is "C:/Users/rober/OneDrive/Desktop/Labs_CSO/Lab7/mips/PC_Update.vhd".
WARNING:Xst:2734 - Property "use_dsp48" is not applicable for this technology.
WARNING:Xst:2734 - Property "use_dsp48" is not applicable for this technology.
    Found 32-bit adder for signal <New_PC$addsub0000> created at line 51.
    Found 32-bit adder for signal <PC_p4>.
    Summary:
	inferred   2 Adder/Subtractor(s).
Unit <PC_Update> synthesized.


Synthesizing Unit <ProgCnt>.
    Related source file is "C:/Users/rober/OneDrive/Desktop/Labs_CSO/Lab7/mips/ProgCnt.vhd".
    Found 32-bit register for signal <PC>.
    Summary:
	inferred  32 D-type flip-flop(s).
Unit <ProgCnt> synthesized.


Synthesizing Unit <File_Regs>.
    Related source file is "C:/Users/rober/OneDrive/Desktop/Labs_CSO/Lab7/mips/File_Regs.vhd".
    Found 32x32-bit dual-port RAM <Mram_s32Regs32> for signal <s32Regs32>.
    Found 32x32-bit dual-port RAM <Mram_s32Regs32_ren> for signal <s32Regs32>.
    Summary:
	inferred   2 RAM(s).
Unit <File_Regs> synthesized.


Synthesizing Unit <ROM32x32>.
    Related source file is "C:/Users/rober/OneDrive/Desktop/Labs_CSO/Lab7/mips/ROM32x32_X.vhd".
    Found 32-bit 32-to-1 multiplexer for signal <Data>.
    Summary:
	inferred  32 Multiplexer(s).
Unit <ROM32x32> synthesized.


Synthesizing Unit <mips>.
    Related source file is "C:/Users/rober/OneDrive/Desktop/Labs_CSO/Lab7/mips/mips.vhf".
WARNING:Xst:653 - Signal <Branch> is used but never assigned. Tied to value 0.
WARNING:Xst:653 - Signal <ALU_Out> is used but never assigned. Tied to value 00000000000000000000000000000000.
Unit <mips> synthesized.

INFO:Xst:1767 - HDL ADVISOR - Resource sharing has identified that some arithmetic operations in this design can share the same physical resources for reduced device utilization. For improved clock frequency you may try to disable resource sharing.

=========================================================================
HDL Synthesis Report

Macro Statistics
# RAMs                                                 : 3
 16x32-bit single-port RAM                             : 1
 32x32-bit dual-port RAM                               : 2
# Adders/Subtractors                                   : 3
 32-bit adder                                          : 2
 32-bit addsub                                         : 1
# Registers                                            : 2
 32-bit register                                       : 2
# Comparators                                          : 1
 32-bit comparator equal                               : 1
# Multiplexers                                         : 3
 32-bit 32-to-1 multiplexer                            : 1
 32-bit 4-to-1 multiplexer                             : 2

=========================================================================

=========================================================================
*                       Advanced HDL Synthesis                          *
=========================================================================

Loading device for application Rf_Device from file '3s400.nph' in environment C:\Xilinx92i.
INFO:Xst:2664 - HDL ADVISOR - Unit <DataMem> : The RAM <Mram_RAM> will be implemented on LUTs either because you have described an asynchronous read or because of currently unsupported block RAM features. If you have described an asynchronous read, making it synchronous would allow you to take advantage of available block RAM resources, for optimized device usage and improved timings. Please refer to your documentation for coding guidelines.
    -----------------------------------------------------------------------
    | ram_type           | Distributed                         |          |
    -----------------------------------------------------------------------
    | Port A                                                              |
    |     aspect ratio   | 16-word x 32-bit                    |          |
    |     clkA           | connected to signal <Clk>           | rise     |
    |     weA            | connected to signal <Wr>            | high     |
    |     addrA          | connected to signal <Addr>          |          |
    |     diA            | connected to signal <DataIn>        |          |
    |     doA            | connected to signal <MemData>       |          |
    -----------------------------------------------------------------------
INFO:Xst:2664 - HDL ADVISOR - Unit <File_Regs> : The RAM <Mram_s32Regs32> will be implemented on LUTs either because you have described an asynchronous read or because of currently unsupported block RAM features. If you have described an asynchronous read, making it synchronous would allow you to take advantage of available block RAM resources, for optimized device usage and improved timings. Please refer to your documentation for coding guidelines.
    -----------------------------------------------------------------------
    | ram_type           | Distributed                         |          |
    -----------------------------------------------------------------------
    | Port A                                                              |
    |     aspect ratio   | 32-word x 32-bit                    |          |
    |     clkA           | connected to signal <Clk>           | rise     |
    |     weA            | connected to signal <WrEn>          | high     |
    |     addrA          | connected to signal <WrReg>         |          |
    |     diA            | connected to signal <WRData>        |          |
    -----------------------------------------------------------------------
    | Port B                                                              |
    |     aspect ratio   | 32-word x 32-bit                    |          |
    |     addrB          | connected to signal <RdReg1>        |          |
    |     doB            | connected to signal <RdData1_lcl>   |          |
    -----------------------------------------------------------------------
INFO:Xst:2664 - HDL ADVISOR - Unit <File_Regs> : The RAM <Mram_s32Regs32_ren> will be implemented on LUTs either because you have described an asynchronous read or because of currently unsupported block RAM features. If you have described an asynchronous read, making it synchronous would allow you to take advantage of available block RAM resources, for optimized device usage and improved timings. Please refer to your documentation for coding guidelines.
    -----------------------------------------------------------------------
    | ram_type           | Distributed                         |          |
    -----------------------------------------------------------------------
    | Port A                                                              |
    |     aspect ratio   | 32-word x 32-bit                    |          |
    |     clkA           | connected to signal <Clk>           | rise     |
    |     weA            | connected to signal <WrEn>          | high     |
    |     addrA          | connected to signal <WrReg>         |          |
    |     diA            | connected to signal <WRData>        |          |
    -----------------------------------------------------------------------
    | Port B                                                              |
    |     aspect ratio   | 32-word x 32-bit                    |          |
    |     addrB          | connected to signal <RdReg2>        |          |
    |     doB            | connected to signal <RdData2_lcl>   |          |
    -----------------------------------------------------------------------
WARNING:Xst:1710 - FF/Latch  <OUTW0_31> (without init value) has a constant value of 0 in block <U_DataMem>.
WARNING:Xst:1710 - FF/Latch  <OUTW0_30> (without init value) has a constant value of 0 in block <U_DataMem>.
WARNING:Xst:1710 - FF/Latch  <OUTW0_29> (without init value) has a constant value of 0 in block <U_DataMem>.
WARNING:Xst:1710 - FF/Latch  <OUTW0_28> (without init value) has a constant value of 0 in block <U_DataMem>.
WARNING:Xst:1710 - FF/Latch  <OUTW0_27> (without init value) has a constant value of 0 in block <U_DataMem>.
WARNING:Xst:1710 - FF/Latch  <OUTW0_26> (without init value) has a constant value of 0 in block <U_DataMem>.
WARNING:Xst:1710 - FF/Latch  <OUTW0_25> (without init value) has a constant value of 0 in block <U_DataMem>.
WARNING:Xst:1710 - FF/Latch  <OUTW0_24> (without init value) has a constant value of 0 in block <U_DataMem>.
WARNING:Xst:1710 - FF/Latch  <OUTW0_23> (without init value) has a constant value of 0 in block <U_DataMem>.
WARNING:Xst:1710 - FF/Latch  <OUTW0_22> (without init value) has a constant value of 0 in block <U_DataMem>.
WARNING:Xst:1710 - FF/Latch  <OUTW0_21> (without init value) has a constant value of 0 in block <U_DataMem>.
WARNING:Xst:1710 - FF/Latch  <OUTW0_20> (without init value) has a constant value of 0 in block <U_DataMem>.
WARNING:Xst:1710 - FF/Latch  <OUTW0_19> (without init value) has a constant value of 0 in block <U_DataMem>.
WARNING:Xst:1710 - FF/Latch  <OUTW0_18> (without init value) has a constant value of 0 in block <U_DataMem>.
WARNING:Xst:1710 - FF/Latch  <OUTW0_17> (without init value) has a constant value of 0 in block <U_DataMem>.
WARNING:Xst:1710 - FF/Latch  <OUTW0_16> (without init value) has a constant value of 0 in block <U_DataMem>.
WARNING:Xst:1710 - FF/Latch  <OUTW0_15> (without init value) has a constant value of 0 in block <U_DataMem>.
WARNING:Xst:1710 - FF/Latch  <OUTW0_14> (without init value) has a constant value of 0 in block <U_DataMem>.
WARNING:Xst:1710 - FF/Latch  <OUTW0_13> (without init value) has a constant value of 0 in block <U_DataMem>.
WARNING:Xst:1710 - FF/Latch  <OUTW0_12> (without init value) has a constant value of 0 in block <U_DataMem>.
WARNING:Xst:1710 - FF/Latch  <OUTW0_11> (without init value) has a constant value of 0 in block <U_DataMem>.
WARNING:Xst:1710 - FF/Latch  <OUTW0_10> (without init value) has a constant value of 0 in block <U_DataMem>.
WARNING:Xst:1710 - FF/Latch  <OUTW0_9> (without init value) has a constant value of 0 in block <U_DataMem>.
WARNING:Xst:1710 - FF/Latch  <OUTW0_8> (without init value) has a constant value of 0 in block <U_DataMem>.
WARNING:Xst:1710 - FF/Latch  <OUTW0_7> (without init value) has a constant value of 0 in block <U_DataMem>.
WARNING:Xst:1710 - FF/Latch  <OUTW0_6> (without init value) has a constant value of 0 in block <U_DataMem>.
WARNING:Xst:1710 - FF/Latch  <OUTW0_5> (without init value) has a constant value of 0 in block <U_DataMem>.
WARNING:Xst:1710 - FF/Latch  <OUTW0_4> (without init value) has a constant value of 0 in block <U_DataMem>.
WARNING:Xst:1710 - FF/Latch  <OUTW0_3> (without init value) has a constant value of 0 in block <U_DataMem>.
WARNING:Xst:1710 - FF/Latch  <OUTW0_2> (without init value) has a constant value of 0 in block <U_DataMem>.
WARNING:Xst:1710 - FF/Latch  <OUTW0_1> (without init value) has a constant value of 0 in block <U_DataMem>.
WARNING:Xst:1710 - FF/Latch  <OUTW0_0> (without init value) has a constant value of 0 in block <U_DataMem>.

=========================================================================
Advanced HDL Synthesis Report

Macro Statistics
# RAMs                                                 : 3
 16x32-bit single-port distributed RAM                 : 1
 32x32-bit dual-port distributed RAM                   : 2
# Adders/Subtractors                                   : 3
 32-bit adder                                          : 2
 32-bit addsub                                         : 1
# Registers                                            : 64
 Flip-Flops                                            : 64
# Comparators                                          : 1
 32-bit comparator equal                               : 1
# Multiplexers                                         : 3
 32-bit 32-to-1 multiplexer                            : 1
 32-bit 4-to-1 multiplexer                             : 2

=========================================================================

=========================================================================
*                         Low Level Synthesis                           *
=========================================================================
WARNING:Xst:1710 - FF/Latch  <OUTW0_31> (without init value) has a constant value of 0 in block <DataMem>.
WARNING:Xst:1895 - Due to other FF/Latch trimming, FF/Latch  <OUTW0_30> (without init value) has a constant value of 0 in block <DataMem>.
WARNING:Xst:1895 - Due to other FF/Latch trimming, FF/Latch  <OUTW0_29> (without init value) has a constant value of 0 in block <DataMem>.
WARNING:Xst:1895 - Due to other FF/Latch trimming, FF/Latch  <OUTW0_28> (without init value) has a constant value of 0 in block <DataMem>.
WARNING:Xst:1895 - Due to other FF/Latch trimming, FF/Latch  <OUTW0_27> (without init value) has a constant value of 0 in block <DataMem>.
WARNING:Xst:1895 - Due to other FF/Latch trimming, FF/Latch  <OUTW0_26> (without init value) has a constant value of 0 in block <DataMem>.
WARNING:Xst:1895 - Due to other FF/Latch trimming, FF/Latch  <OUTW0_25> (without init value) has a constant value of 0 in block <DataMem>.
WARNING:Xst:1895 - Due to other FF/Latch trimming, FF/Latch  <OUTW0_24> (without init value) has a constant value of 0 in block <DataMem>.
WARNING:Xst:1895 - Due to other FF/Latch trimming, FF/Latch  <OUTW0_23> (without init value) has a constant value of 0 in block <DataMem>.
WARNING:Xst:1895 - Due to other FF/Latch trimming, FF/Latch  <OUTW0_22> (without init value) has a constant value of 0 in block <DataMem>.
WARNING:Xst:1895 - Due to other FF/Latch trimming, FF/Latch  <OUTW0_21> (without init value) has a constant value of 0 in block <DataMem>.
WARNING:Xst:1895 - Due to other FF/Latch trimming, FF/Latch  <OUTW0_20> (without init value) has a constant value of 0 in block <DataMem>.
WARNING:Xst:1895 - Due to other FF/Latch trimming, FF/Latch  <OUTW0_19> (without init value) has a constant value of 0 in block <DataMem>.
WARNING:Xst:1895 - Due to other FF/Latch trimming, FF/Latch  <OUTW0_18> (without init value) has a constant value of 0 in block <DataMem>.
WARNING:Xst:1895 - Due to other FF/Latch trimming, FF/Latch  <OUTW0_17> (without init value) has a constant value of 0 in block <DataMem>.
WARNING:Xst:1895 - Due to other FF/Latch trimming, FF/Latch  <OUTW0_16> (without init value) has a constant value of 0 in block <DataMem>.
WARNING:Xst:1895 - Due to other FF/Latch trimming, FF/Latch  <OUTW0_15> (without init value) has a constant value of 0 in block <DataMem>.
WARNING:Xst:1895 - Due to other FF/Latch trimming, FF/Latch  <OUTW0_14> (without init value) has a constant value of 0 in block <DataMem>.
WARNING:Xst:1895 - Due to other FF/Latch trimming, FF/Latch  <OUTW0_13> (without init value) has a constant value of 0 in block <DataMem>.
WARNING:Xst:1895 - Due to other FF/Latch trimming, FF/Latch  <OUTW0_12> (without init value) has a constant value of 0 in block <DataMem>.
WARNING:Xst:1895 - Due to other FF/Latch trimming, FF/Latch  <OUTW0_11> (without init value) has a constant value of 0 in block <DataMem>.
WARNING:Xst:1895 - Due to other FF/Latch trimming, FF/Latch  <OUTW0_10> (without init value) has a constant value of 0 in block <DataMem>.
WARNING:Xst:1895 - Due to other FF/Latch trimming, FF/Latch  <OUTW0_9> (without init value) has a constant value of 0 in block <DataMem>.
WARNING:Xst:1895 - Due to other FF/Latch trimming, FF/Latch  <OUTW0_8> (without init value) has a constant value of 0 in block <DataMem>.
WARNING:Xst:1895 - Due to other FF/Latch trimming, FF/Latch  <OUTW0_7> (without init value) has a constant value of 0 in block <DataMem>.
WARNING:Xst:1895 - Due to other FF/Latch trimming, FF/Latch  <OUTW0_6> (without init value) has a constant value of 0 in block <DataMem>.
WARNING:Xst:1895 - Due to other FF/Latch trimming, FF/Latch  <OUTW0_5> (without init value) has a constant value of 0 in block <DataMem>.
WARNING:Xst:1895 - Due to other FF/Latch trimming, FF/Latch  <OUTW0_4> (without init value) has a constant value of 0 in block <DataMem>.
WARNING:Xst:1895 - Due to other FF/Latch trimming, FF/Latch  <OUTW0_3> (without init value) has a constant value of 0 in block <DataMem>.
WARNING:Xst:1895 - Due to other FF/Latch trimming, FF/Latch  <OUTW0_2> (without init value) has a constant value of 0 in block <DataMem>.
WARNING:Xst:1895 - Due to other FF/Latch trimming, FF/Latch  <OUTW0_1> (without init value) has a constant value of 0 in block <DataMem>.
WARNING:Xst:1895 - Due to other FF/Latch trimming, FF/Latch  <OUTW0_0> (without init value) has a constant value of 0 in block <DataMem>.

Optimizing unit <mips> ...

Optimizing unit <ALU> ...

Optimizing unit <DataMem> ...

Optimizing unit <PC_Update> ...

Optimizing unit <ProgCnt> ...

Optimizing unit <File_Regs> ...
WARNING:Xst:2677 - Node <U_DataMem/inst_Mram_mem31> of sequential type is unconnected in block <mips>.
WARNING:Xst:2677 - Node <U_DataMem/inst_Mram_mem30> of sequential type is unconnected in block <mips>.
WARNING:Xst:2677 - Node <U_DataMem/inst_Mram_mem29> of sequential type is unconnected in block <mips>.
WARNING:Xst:2677 - Node <U_DataMem/inst_Mram_mem28> of sequential type is unconnected in block <mips>.
WARNING:Xst:2677 - Node <U_DataMem/inst_Mram_mem27> of sequential type is unconnected in block <mips>.
WARNING:Xst:2677 - Node <U_DataMem/inst_Mram_mem26> of sequential type is unconnected in block <mips>.
WARNING:Xst:2677 - Node <U_DataMem/inst_Mram_mem25> of sequential type is unconnected in block <mips>.
WARNING:Xst:2677 - Node <U_DataMem/inst_Mram_mem24> of sequential type is unconnected in block <mips>.
WARNING:Xst:2677 - Node <U_DataMem/inst_Mram_mem23> of sequential type is unconnected in block <mips>.
WARNING:Xst:2677 - Node <U_DataMem/inst_Mram_mem22> of sequential type is unconnected in block <mips>.
WARNING:Xst:2677 - Node <U_DataMem/inst_Mram_mem21> of sequential type is unconnected in block <mips>.
WARNING:Xst:2677 - Node <U_DataMem/inst_Mram_mem20> of sequential type is unconnected in block <mips>.
WARNING:Xst:2677 - Node <U_DataMem/inst_Mram_mem19> of sequential type is unconnected in block <mips>.
WARNING:Xst:2677 - Node <U_DataMem/inst_Mram_mem18> of sequential type is unconnected in block <mips>.
WARNING:Xst:2677 - Node <U_DataMem/inst_Mram_mem17> of sequential type is unconnected in block <mips>.
WARNING:Xst:2677 - Node <U_DataMem/inst_Mram_mem16> of sequential type is unconnected in block <mips>.
WARNING:Xst:2677 - Node <U_DataMem/inst_Mram_mem15> of sequential type is unconnected in block <mips>.
WARNING:Xst:2677 - Node <U_DataMem/inst_Mram_mem14> of sequential type is unconnected in block <mips>.
WARNING:Xst:2677 - Node <U_DataMem/inst_Mram_mem13> of sequential type is unconnected in block <mips>.
WARNING:Xst:2677 - Node <U_DataMem/inst_Mram_mem12> of sequential type is unconnected in block <mips>.
WARNING:Xst:2677 - Node <U_DataMem/inst_Mram_mem11> of sequential type is unconnected in block <mips>.
WARNING:Xst:2677 - Node <U_DataMem/inst_Mram_mem10> of sequential type is unconnected in block <mips>.
WARNING:Xst:2677 - Node <U_DataMem/inst_Mram_mem9> of sequential type is unconnected in block <mips>.
WARNING:Xst:2677 - Node <U_DataMem/inst_Mram_mem8> of sequential type is unconnected in block <mips>.
WARNING:Xst:2677 - Node <U_DataMem/inst_Mram_mem7> of sequential type is unconnected in block <mips>.
WARNING:Xst:2677 - Node <U_DataMem/inst_Mram_mem6> of sequential type is unconnected in block <mips>.
WARNING:Xst:2677 - Node <U_DataMem/inst_Mram_mem5> of sequential type is unconnected in block <mips>.
WARNING:Xst:2677 - Node <U_DataMem/inst_Mram_mem4> of sequential type is unconnected in block <mips>.
WARNING:Xst:2677 - Node <U_DataMem/inst_Mram_mem3> of sequential type is unconnected in block <mips>.
WARNING:Xst:2677 - Node <U_DataMem/inst_Mram_mem2> of sequential type is unconnected in block <mips>.
WARNING:Xst:2677 - Node <U_DataMem/inst_Mram_mem> of sequential type is unconnected in block <mips>.
WARNING:Xst:2677 - Node <U_DataMem/inst_Mram_mem1> of sequential type is unconnected in block <mips>.
WARNING:Xst:2677 - Node <U_PC/PC_31> of sequential type is unconnected in block <mips>.
WARNING:Xst:2677 - Node <U_PC/PC_30> of sequential type is unconnected in block <mips>.
WARNING:Xst:2677 - Node <U_PC/PC_29> of sequential type is unconnected in block <mips>.
WARNING:Xst:2677 - Node <U_PC/PC_28> of sequential type is unconnected in block <mips>.
WARNING:Xst:2677 - Node <U_PC/PC_27> of sequential type is unconnected in block <mips>.
WARNING:Xst:2677 - Node <U_PC/PC_26> of sequential type is unconnected in block <mips>.
WARNING:Xst:2677 - Node <U_PC/PC_25> of sequential type is unconnected in block <mips>.
WARNING:Xst:2677 - Node <U_PC/PC_24> of sequential type is unconnected in block <mips>.
WARNING:Xst:2677 - Node <U_PC/PC_23> of sequential type is unconnected in block <mips>.
WARNING:Xst:2677 - Node <U_PC/PC_22> of sequential type is unconnected in block <mips>.
WARNING:Xst:2677 - Node <U_PC/PC_21> of sequential type is unconnected in block <mips>.
WARNING:Xst:2677 - Node <U_PC/PC_20> of sequential type is unconnected in block <mips>.
WARNING:Xst:2677 - Node <U_PC/PC_19> of sequential type is unconnected in block <mips>.
WARNING:Xst:2677 - Node <U_PC/PC_18> of sequential type is unconnected in block <mips>.
WARNING:Xst:2677 - Node <U_PC/PC_17> of sequential type is unconnected in block <mips>.
WARNING:Xst:2677 - Node <U_PC/PC_16> of sequential type is unconnected in block <mips>.
WARNING:Xst:2677 - Node <U_PC/PC_15> of sequential type is unconnected in block <mips>.
WARNING:Xst:2677 - Node <U_PC/PC_14> of sequential type is unconnected in block <mips>.
WARNING:Xst:2677 - Node <U_PC/PC_13> of sequential type is unconnected in block <mips>.
WARNING:Xst:2677 - Node <U_PC/PC_12> of sequential type is unconnected in block <mips>.
WARNING:Xst:2677 - Node <U_PC/PC_11> of sequential type is unconnected in block <mips>.
WARNING:Xst:2677 - Node <U_PC/PC_10> of sequential type is unconnected in block <mips>.
WARNING:Xst:2677 - Node <U_PC/PC_9> of sequential type is unconnected in block <mips>.
WARNING:Xst:2677 - Node <U_PC/PC_8> of sequential type is unconnected in block <mips>.
WARNING:Xst:2677 - Node <U_PC/PC_7> of sequential type is unconnected in block <mips>.
WARNING:Xst:2677 - Node <U_PC/PC_6> of sequential type is unconnected in block <mips>.
WARNING:Xst:2677 - Node <U_PC/PC_5> of sequential type is unconnected in block <mips>.
WARNING:Xst:2677 - Node <U_PC/PC_4> of sequential type is unconnected in block <mips>.
WARNING:Xst:2677 - Node <U_PC/PC_3> of sequential type is unconnected in block <mips>.
WARNING:Xst:2677 - Node <U_PC/PC_2> of sequential type is unconnected in block <mips>.
WARNING:Xst:2677 - Node <U_PC/PC_1> of sequential type is unconnected in block <mips>.
WARNING:Xst:2677 - Node <U_PC/PC_0> of sequential type is unconnected in block <mips>.
WARNING:Xst:2677 - Node <U_Regs/inst_Mram_mem127> of sequential type is unconnected in block <mips>.
WARNING:Xst:2677 - Node <U_Regs/inst_Mram_mem125> of sequential type is unconnected in block <mips>.
WARNING:Xst:2677 - Node <U_Regs/inst_Mram_mem124> of sequential type is unconnected in block <mips>.
WARNING:Xst:2677 - Node <U_Regs/inst_Mram_mem126> of sequential type is unconnected in block <mips>.
WARNING:Xst:2677 - Node <U_Regs/inst_Mram_mem122> of sequential type is unconnected in block <mips>.
WARNING:Xst:2677 - Node <U_Regs/inst_Mram_mem121> of sequential type is unconnected in block <mips>.
WARNING:Xst:2677 - Node <U_Regs/inst_Mram_mem123> of sequential type is unconnected in block <mips>.
WARNING:Xst:2677 - Node <U_Regs/inst_Mram_mem119> of sequential type is unconnected in block <mips>.
WARNING:Xst:2677 - Node <U_Regs/inst_Mram_mem118> of sequential type is unconnected in block <mips>.
WARNING:Xst:2677 - Node <U_Regs/inst_Mram_mem120> of sequential type is unconnected in block <mips>.
WARNING:Xst:2677 - Node <U_Regs/inst_Mram_mem116> of sequential type is unconnected in block <mips>.
WARNING:Xst:2677 - Node <U_Regs/inst_Mram_mem115> of sequential type is unconnected in block <mips>.
WARNING:Xst:2677 - Node <U_Regs/inst_Mram_mem117> of sequential type is unconnected in block <mips>.
WARNING:Xst:2677 - Node <U_Regs/inst_Mram_mem113> of sequential type is unconnected in block <mips>.
WARNING:Xst:2677 - Node <U_Regs/inst_Mram_mem112> of sequential type is unconnected in block <mips>.
WARNING:Xst:2677 - Node <U_Regs/inst_Mram_mem114> of sequential type is unconnected in block <mips>.
WARNING:Xst:2677 - Node <U_Regs/inst_Mram_mem110> of sequential type is unconnected in block <mips>.
WARNING:Xst:2677 - Node <U_Regs/inst_Mram_mem109> of sequential type is unconnected in block <mips>.
WARNING:Xst:2677 - Node <U_Regs/inst_Mram_mem111> of sequential type is unconnected in block <mips>.
WARNING:Xst:2677 - Node <U_Regs/inst_Mram_mem107> of sequential type is unconnected in block <mips>.
WARNING:Xst:2677 - Node <U_Regs/inst_Mram_mem106> of sequential type is unconnected in block <mips>.
WARNING:Xst:2677 - Node <U_Regs/inst_Mram_mem108> of sequential type is unconnected in block <mips>.
WARNING:Xst:2677 - Node <U_Regs/inst_Mram_mem104> of sequential type is unconnected in block <mips>.
WARNING:Xst:2677 - Node <U_Regs/inst_Mram_mem103> of sequential type is unconnected in block <mips>.
WARNING:Xst:2677 - Node <U_Regs/inst_Mram_mem105> of sequential type is unconnected in block <mips>.
WARNING:Xst:2677 - Node <U_Regs/inst_Mram_mem101> of sequential type is unconnected in block <mips>.
WARNING:Xst:2677 - Node <U_Regs/inst_Mram_mem100> of sequential type is unconnected in block <mips>.
WARNING:Xst:2677 - Node <U_Regs/inst_Mram_mem102> of sequential type is unconnected in block <mips>.
WARNING:Xst:2677 - Node <U_Regs/inst_Mram_mem98> of sequential type is unconnected in block <mips>.
WARNING:Xst:2677 - Node <U_Regs/inst_Mram_mem97> of sequential type is unconnected in block <mips>.
WARNING:Xst:2677 - Node <U_Regs/inst_Mram_mem99> of sequential type is unconnected in block <mips>.
WARNING:Xst:2677 - Node <U_Regs/inst_Mram_mem95> of sequential type is unconnected in block <mips>.
WARNING:Xst:2677 - Node <U_Regs/inst_Mram_mem94> of sequential type is unconnected in block <mips>.
WARNING:Xst:2677 - Node <U_Regs/inst_Mram_mem96> of sequential type is unconnected in block <mips>.
WARNING:Xst:2677 - Node <U_Regs/inst_Mram_mem92> of sequential type is unconnected in block <mips>.
WARNING:Xst:2677 - Node <U_Regs/inst_Mram_mem91> of sequential type is unconnected in block <mips>.
WARNING:Xst:2677 - Node <U_Regs/inst_Mram_mem93> of sequential type is unconnected in block <mips>.
WARNING:Xst:2677 - Node <U_Regs/inst_Mram_mem89> of sequential type is unconnected in block <mips>.
WARNING:Xst:2677 - Node <U_Regs/inst_Mram_mem88> of sequential type is unconnected in block <mips>.
WARNING:Xst:2677 - Node <U_Regs/inst_Mram_mem90> of sequential type is unconnected in block <mips>.
WARNING:Xst:2677 - Node <U_Regs/inst_Mram_mem86> of sequential type is unconnected in block <mips>.
WARNING:Xst:2677 - Node <U_Regs/inst_Mram_mem85> of sequential type is unconnected in block <mips>.
WARNING:Xst:2677 - Node <U_Regs/inst_Mram_mem87> of sequential type is unconnected in block <mips>.
WARNING:Xst:2677 - Node <U_Regs/inst_Mram_mem83> of sequential type is unconnected in block <mips>.
WARNING:Xst:2677 - Node <U_Regs/inst_Mram_mem82> of sequential type is unconnected in block <mips>.
WARNING:Xst:2677 - Node <U_Regs/inst_Mram_mem84> of sequential type is unconnected in block <mips>.
WARNING:Xst:2677 - Node <U_Regs/inst_Mram_mem80> of sequential type is unconnected in block <mips>.
WARNING:Xst:2677 - Node <U_Regs/inst_Mram_mem79> of sequential type is unconnected in block <mips>.
WARNING:Xst:2677 - Node <U_Regs/inst_Mram_mem81> of sequential type is unconnected in block <mips>.
WARNING:Xst:2677 - Node <U_Regs/inst_Mram_mem77> of sequential type is unconnected in block <mips>.
WARNING:Xst:2677 - Node <U_Regs/inst_Mram_mem76> of sequential type is unconnected in block <mips>.
WARNING:Xst:2677 - Node <U_Regs/inst_Mram_mem78> of sequential type is unconnected in block <mips>.
WARNING:Xst:2677 - Node <U_Regs/inst_Mram_mem74> of sequential type is unconnected in block <mips>.
WARNING:Xst:2677 - Node <U_Regs/inst_Mram_mem73> of sequential type is unconnected in block <mips>.
WARNING:Xst:2677 - Node <U_Regs/inst_Mram_mem75> of sequential type is unconnected in block <mips>.
WARNING:Xst:2677 - Node <U_Regs/inst_Mram_mem71> of sequential type is unconnected in block <mips>.
WARNING:Xst:2677 - Node <U_Regs/inst_Mram_mem70> of sequential type is unconnected in block <mips>.
WARNING:Xst:2677 - Node <U_Regs/inst_Mram_mem72> of sequential type is unconnected in block <mips>.
WARNING:Xst:2677 - Node <U_Regs/inst_Mram_mem68> of sequential type is unconnected in block <mips>.
WARNING:Xst:2677 - Node <U_Regs/inst_Mram_mem67> of sequential type is unconnected in block <mips>.
WARNING:Xst:2677 - Node <U_Regs/inst_Mram_mem69> of sequential type is unconnected in block <mips>.
WARNING:Xst:2677 - Node <U_Regs/inst_Mram_mem66> of sequential type is unconnected in block <mips>.
WARNING:Xst:2677 - Node <U_Regs/inst_Mram_mem65> of sequential type is unconnected in block <mips>.
WARNING:Xst:2677 - Node <U_Regs/inst_Mram_mem64> of sequential type is unconnected in block <mips>.
WARNING:Xst:2677 - Node <U_Regs/inst_Mram_mem63> of sequential type is unconnected in block <mips>.
WARNING:Xst:2677 - Node <U_Regs/inst_Mram_mem61> of sequential type is unconnected in block <mips>.
WARNING:Xst:2677 - Node <U_Regs/inst_Mram_mem60> of sequential type is unconnected in block <mips>.
WARNING:Xst:2677 - Node <U_Regs/inst_Mram_mem62> of sequential type is unconnected in block <mips>.
WARNING:Xst:2677 - Node <U_Regs/inst_Mram_mem58> of sequential type is unconnected in block <mips>.
WARNING:Xst:2677 - Node <U_Regs/inst_Mram_mem57> of sequential type is unconnected in block <mips>.
WARNING:Xst:2677 - Node <U_Regs/inst_Mram_mem59> of sequential type is unconnected in block <mips>.
WARNING:Xst:2677 - Node <U_Regs/inst_Mram_mem55> of sequential type is unconnected in block <mips>.
WARNING:Xst:2677 - Node <U_Regs/inst_Mram_mem54> of sequential type is unconnected in block <mips>.
WARNING:Xst:2677 - Node <U_Regs/inst_Mram_mem56> of sequential type is unconnected in block <mips>.
WARNING:Xst:2677 - Node <U_Regs/inst_Mram_mem52> of sequential type is unconnected in block <mips>.
WARNING:Xst:2677 - Node <U_Regs/inst_Mram_mem51> of sequential type is unconnected in block <mips>.
WARNING:Xst:2677 - Node <U_Regs/inst_Mram_mem53> of sequential type is unconnected in block <mips>.
WARNING:Xst:2677 - Node <U_Regs/inst_Mram_mem49> of sequential type is unconnected in block <mips>.
WARNING:Xst:2677 - Node <U_Regs/inst_Mram_mem48> of sequential type is unconnected in block <mips>.
WARNING:Xst:2677 - Node <U_Regs/inst_Mram_mem50> of sequential type is unconnected in block <mips>.
WARNING:Xst:2677 - Node <U_Regs/inst_Mram_mem46> of sequential type is unconnected in block <mips>.
WARNING:Xst:2677 - Node <U_Regs/inst_Mram_mem45> of sequential type is unconnected in block <mips>.
WARNING:Xst:2677 - Node <U_Regs/inst_Mram_mem47> of sequential type is unconnected in block <mips>.
WARNING:Xst:2677 - Node <U_Regs/inst_Mram_mem43> of sequential type is unconnected in block <mips>.
WARNING:Xst:2677 - Node <U_Regs/inst_Mram_mem42> of sequential type is unconnected in block <mips>.
WARNING:Xst:2677 - Node <U_Regs/inst_Mram_mem44> of sequential type is unconnected in block <mips>.
WARNING:Xst:2677 - Node <U_Regs/inst_Mram_mem40> of sequential type is unconnected in block <mips>.
WARNING:Xst:2677 - Node <U_Regs/inst_Mram_mem39> of sequential type is unconnected in block <mips>.
WARNING:Xst:2677 - Node <U_Regs/inst_Mram_mem41> of sequential type is unconnected in block <mips>.
WARNING:Xst:2677 - Node <U_Regs/inst_Mram_mem37> of sequential type is unconnected in block <mips>.
WARNING:Xst:2677 - Node <U_Regs/inst_Mram_mem36> of sequential type is unconnected in block <mips>.
WARNING:Xst:2677 - Node <U_Regs/inst_Mram_mem38> of sequential type is unconnected in block <mips>.
WARNING:Xst:2677 - Node <U_Regs/inst_Mram_mem34> of sequential type is unconnected in block <mips>.
WARNING:Xst:2677 - Node <U_Regs/inst_Mram_mem33> of sequential type is unconnected in block <mips>.
WARNING:Xst:2677 - Node <U_Regs/inst_Mram_mem35> of sequential type is unconnected in block <mips>.
WARNING:Xst:2677 - Node <U_Regs/inst_Mram_mem31> of sequential type is unconnected in block <mips>.
WARNING:Xst:2677 - Node <U_Regs/inst_Mram_mem30> of sequential type is unconnected in block <mips>.
WARNING:Xst:2677 - Node <U_Regs/inst_Mram_mem32> of sequential type is unconnected in block <mips>.
WARNING:Xst:2677 - Node <U_Regs/inst_Mram_mem28> of sequential type is unconnected in block <mips>.
WARNING:Xst:2677 - Node <U_Regs/inst_Mram_mem27> of sequential type is unconnected in block <mips>.
WARNING:Xst:2677 - Node <U_Regs/inst_Mram_mem29> of sequential type is unconnected in block <mips>.
WARNING:Xst:2677 - Node <U_Regs/inst_Mram_mem25> of sequential type is unconnected in block <mips>.
WARNING:Xst:2677 - Node <U_Regs/inst_Mram_mem24> of sequential type is unconnected in block <mips>.
WARNING:Xst:2677 - Node <U_Regs/inst_Mram_mem26> of sequential type is unconnected in block <mips>.
WARNING:Xst:2677 - Node <U_Regs/inst_Mram_mem22> of sequential type is unconnected in block <mips>.
WARNING:Xst:2677 - Node <U_Regs/inst_Mram_mem21> of sequential type is unconnected in block <mips>.
WARNING:Xst:2677 - Node <U_Regs/inst_Mram_mem23> of sequential type is unconnected in block <mips>.
WARNING:Xst:2677 - Node <U_Regs/inst_Mram_mem19> of sequential type is unconnected in block <mips>.
WARNING:Xst:2677 - Node <U_Regs/inst_Mram_mem18> of sequential type is unconnected in block <mips>.
WARNING:Xst:2677 - Node <U_Regs/inst_Mram_mem20> of sequential type is unconnected in block <mips>.
WARNING:Xst:2677 - Node <U_Regs/inst_Mram_mem16> of sequential type is unconnected in block <mips>.
WARNING:Xst:2677 - Node <U_Regs/inst_Mram_mem15> of sequential type is unconnected in block <mips>.
WARNING:Xst:2677 - Node <U_Regs/inst_Mram_mem17> of sequential type is unconnected in block <mips>.
WARNING:Xst:2677 - Node <U_Regs/inst_Mram_mem13> of sequential type is unconnected in block <mips>.
WARNING:Xst:2677 - Node <U_Regs/inst_Mram_mem12> of sequential type is unconnected in block <mips>.
WARNING:Xst:2677 - Node <U_Regs/inst_Mram_mem14> of sequential type is unconnected in block <mips>.
WARNING:Xst:2677 - Node <U_Regs/inst_Mram_mem10> of sequential type is unconnected in block <mips>.
WARNING:Xst:2677 - Node <U_Regs/inst_Mram_mem9> of sequential type is unconnected in block <mips>.
WARNING:Xst:2677 - Node <U_Regs/inst_Mram_mem11> of sequential type is unconnected in block <mips>.
WARNING:Xst:2677 - Node <U_Regs/inst_Mram_mem7> of sequential type is unconnected in block <mips>.
WARNING:Xst:2677 - Node <U_Regs/inst_Mram_mem6> of sequential type is unconnected in block <mips>.
WARNING:Xst:2677 - Node <U_Regs/inst_Mram_mem8> of sequential type is unconnected in block <mips>.
WARNING:Xst:2677 - Node <U_Regs/inst_Mram_mem4> of sequential type is unconnected in block <mips>.
WARNING:Xst:2677 - Node <U_Regs/inst_Mram_mem3> of sequential type is unconnected in block <mips>.
WARNING:Xst:2677 - Node <U_Regs/inst_Mram_mem5> of sequential type is unconnected in block <mips>.
WARNING:Xst:2677 - Node <U_Regs/inst_Mram_mem2> of sequential type is unconnected in block <mips>.
WARNING:Xst:2677 - Node <U_Regs/inst_Mram_mem1> of sequential type is unconnected in block <mips>.
WARNING:Xst:2677 - Node <U_Regs/inst_Mram_mem> of sequential type is unconnected in block <mips>.

Mapping all equations...
Building and optimizing final netlist ...
Found area constraint ratio of 100 (+ 5) on block mips, actual ratio is 0.

Final Macro Processing ...

=========================================================================
Final Register Report

Found no macro
=========================================================================

=========================================================================
*                          Partition Report                             *
=========================================================================

Partition Implementation Status
-------------------------------

  No Partitions were found in this design.

-------------------------------

=========================================================================
*                            Final Report                               *
=========================================================================
Final Results
RTL Top Level Output File Name     : mips.ngr
Top Level Output File Name         : mips
Output Format                      : NGC
Optimization Goal                  : Speed
Keep Hierarchy                     : NO

Design Statistics
# IOs                              : 97

Cell Usage :
# BELS                             : 1
#      GND                         : 1
# IO Buffers                       : 32
#      OBUF                        : 32
=========================================================================

Device utilization summary:
---------------------------

Selected Device : 3s400ft256-4 

 Number of Slices:                       0  out of   3584     0%  
 Number of IOs:                         97
 Number of bonded IOBs:                 32  out of    173    18%  

---------------------------
Partition Resource Summary:
---------------------------

  No Partitions were found in this design.

---------------------------


=========================================================================
TIMING REPORT

NOTE: THESE TIMING NUMBERS ARE ONLY A SYNTHESIS ESTIMATE.
      FOR ACCURATE TIMING INFORMATION PLEASE REFER TO THE TRACE REPORT
      GENERATED AFTER PLACE-and-ROUTE.

Clock Information:
------------------
No clock signals found in this design

Asynchronous Control Signals Information:
----------------------------------------
No asynchronous control signals found in this design

Timing Summary:
---------------
Speed Grade: -4

   Minimum period: No path found
   Minimum input arrival time before clock: No path found
   Maximum output required time after clock: No path found
   Maximum combinational path delay: No path found

Timing Detail:
--------------
All values displayed in nanoseconds (ns)

=========================================================================
CPU : 3.61 / 3.71 s | Elapsed : 4.00 / 4.00 s
 
--> 

Total memory usage is 214832 kilobytes

Number of errors   :    0 (   0 filtered)
Number of warnings :  263 (   0 filtered)
Number of infos    :    4 (   0 filtered)

