--------------------------------------------------------------------------------
Release 9.2.04i Trace 
Copyright (c) 1995-2007 Xilinx, Inc.  All rights reserved.

C:\Xilinx92i\bin\nt\trce.exe -ise
C:/Users/rober/OneDrive/Desktop/Labs_CSO/Lab2/as4/as4.ise -intstyle ise -e 3 -s
4 -xml as4 as4.ncd -o as4.twr as4.pcf

Design file:              as4.ncd
Physical constraint file: as4.pcf
Device,package,speed:     xa3s50,vqg100,-4 (PRODUCTION 1.39 2007-10-19)
Report level:             error report

Environment Variable      Effect 
--------------------      ------ 
NONE                      No environment variables were set
--------------------------------------------------------------------------------

INFO:Timing:2698 - No timing constraints found, doing default enumeration.
INFO:Timing:2752 - To get complete path coverage, use the unconstrained paths 
   option. All paths that are not constrained will be reported in the 
   unconstrained paths section(s) of the report.
INFO:Timing:3339 - The clock-to-out numbers in this timing report are based on 
   a 50 Ohm transmission line loading model.  For the details of this model, 
   and for more information on accounting for different loading conditions, 
   please see the device datasheet.



Data Sheet report:
-----------------
All values displayed in nanoseconds (ns)

Pad to Pad
---------------+---------------+---------+
Source Pad     |Destination Pad|  Delay  |
---------------+---------------+---------+
a<0>           |Co             |   10.347|
a<0>           |r<0>           |    8.554|
a<0>           |r<1>           |    8.660|
a<0>           |r<2>           |    8.910|
a<0>           |r<3>           |   11.036|
a<1>           |Co             |   10.836|
a<1>           |r<1>           |    8.142|
a<1>           |r<2>           |    9.399|
a<1>           |r<3>           |   11.525|
a<2>           |Co             |    8.119|
a<2>           |r<2>           |    9.201|
a<2>           |r<3>           |    8.808|
a<3>           |Co             |    7.424|
a<3>           |r<3>           |    7.770|
b<0>           |Co             |    9.933|
b<0>           |r<0>           |    8.807|
b<0>           |r<1>           |    8.828|
b<0>           |r<2>           |    8.496|
b<0>           |r<3>           |   10.622|
b<1>           |Co             |   10.993|
b<1>           |r<1>           |    7.991|
b<1>           |r<2>           |    9.556|
b<1>           |r<3>           |   11.682|
b<2>           |Co             |    7.949|
b<2>           |r<2>           |    8.438|
b<2>           |r<3>           |    8.638|
b<3>           |Co             |    7.232|
b<3>           |r<3>           |    7.939|
---------------+---------------+---------+


Analysis completed Sat Mar 06 20:37:38 2021 
--------------------------------------------------------------------------------

Trace Settings:
-------------------------
Trace Settings 

Peak Memory Usage: 112 MB



